# JRE version: OpenJDK Runtime Environment GraalVM CE 22.3.0 (17.0.5+8) (build 17.0.5+8-jvmci-22.3-b08)
# Java VM: OpenJDK 64-Bit Server VM GraalVM CE 22.3.0 (17.0.5+8-jvmci-22.3-b08, mixed mode, sharing, tiered, jvmci, jvmci compiler, compressed oops, compressed class ptrs, parallel gc, linux-amd64)
GC Precious Log:
 CPUs: 8 total, 1 available
 Memory: 1904M
 Large Page Support: Disabled
 NUMA Support: Disabled
 Compressed Oops: Enabled (32-bit)
 Alignments: Space 512K, Generation 512K, Heap 2M
 Heap Min Capacity: 100M
 Heap Initial Capacity: 100M
 Heap Max Capacity: 512M
 Pre-touch: Disabled
 Parallel Workers: 1
Heap:
 PSYoungGen      total 87552K, used 54783K [0x00000000f5580000, 0x00000000fd200000, 0x0000000100000000)
  eden space 54784K, 99% used [0x00000000f5580000,0x00000000f8affff8,0x00000000f8b00000)
  from space 32768K, 0% used [0x00000000fb200000,0x00000000fb200000,0x00000000fd200000)
  to   space 17408K, 0% used [0x00000000f8b00000,0x00000000f8b00000,0x00000000f9c00000)
 ParOldGen       total 349696K, used 349695K [0x00000000e0000000, 0x00000000f5580000, 0x00000000f5580000)
  object space 349696K, 99% used [0x00000000e0000000,0x00000000f557ffe8,0x00000000f5580000)
 Metaspace       used 54524K, committed 55488K, reserved 1105920K
  class space    used 5176K, committed 5632K, reserved 1048576K
GC Heap History (20 events):
Event: 868.562 GC heap before
{Heap before GC invocations=707 (full 629):
 PSYoungGen      total 87552K, used 54783K [0x00000000f5580000, 0x00000000fd200000, 0x0000000100000000)
  eden space 54784K, 99% used [0x00000000f5580000,0x00000000f8affff8,0x00000000f8b00000)
  from space 32768K, 0% used [0x00000000fb200000,0x00000000fb200000,0x00000000fd200000)
  to   space 17408K, 0% used [0x00000000f8b00000,0x00000000f8b00000,0x00000000f9c00000)
 ParOldGen       total 349696K, used 349695K [0x00000000e0000000, 0x00000000f5580000, 0x00000000f5580000)
  object space 349696K, 99% used [0x00000000e0000000,0x00000000f557ffa0,0x00000000f5580000)
 Metaspace       used 54524K, committed 55488K, reserved 1105920K
  class space    used 5176K, committed 5632K, reserved 1048576K
}
Event: 869.452 GC heap after
{Heap after GC invocations=707 (full 629):
 PSYoungGen      total 72192K, used 54783K [0x00000000f5580000, 0x00000000fd200000, 0x0000000100000000)
  eden space 54784K, 99% used [0x00000000f5580000,0x00000000f8affff8,0x00000000f8b00000)
  from space 17408K, 0% used [0x00000000f8b00000,0x00000000f8b00000,0x00000000f9c00000)
  to   space 32768K, 0% used [0x00000000fb200000,0x00000000fb200000,0x00000000fd200000)
 ParOldGen       total 349696K, used 349695K [0x00000000e0000000, 0x00000000f5580000, 0x00000000f5580000)
  object space 349696K, 99% used [0x00000000e0000000,0x00000000f557ff80,0x00000000f5580000)
 Metaspace       used 54524K, committed 55488K, reserved 1105920K
  class space    used 5176K, committed 5632K, reserved 1048576K
}
Event: 869.453 GC heap before
{Heap before GC invocations=708 (full 630):
 PSYoungGen      total 72192K, used 54783K [0x00000000f5580000, 0x00000000fd200000, 0x0000000100000000)
  eden space 54784K, 99% used [0x00000000f5580000,0x00000000f8affff8,0x00000000f8b00000)
  from space 17408K, 0% used [0x00000000f8b00000,0x00000000f8b00000,0x00000000f9c00000)
  to   space 32768K, 0% used [0x00000000fb200000,0x00000000fb200000,0x00000000fd200000)
 ParOldGen       total 349696K, used 349695K [0x00000000e0000000, 0x00000000f5580000, 0x00000000f5580000)
  object space 349696K, 99% used [0x00000000e0000000,0x00000000f557fff0,0x00000000f5580000)
 Metaspace       used 54524K, committed 55488K, reserved 1105920K
  class space    used 5176K, committed 5632K, reserved 1048576K
}
Event: 870.311 GC heap after
{Heap after GC invocations=708 (full 630):
 PSYoungGen      total 87552K, used 54783K [0x00000000f5580000, 0x00000000fd200000, 0x0000000100000000)
  eden space 54784K, 99% used [0x00000000f5580000,0x00000000f8affff8,0x00000000f8b00000)
  from space 32768K, 0% used [0x00000000fb200000,0x00000000fb200000,0x00000000fd200000)
  to   space 17408K, 0% used [0x00000000f8b00000,0x00000000f8b00000,0x00000000f9c00000)
 ParOldGen       total 349696K, used 349695K [0x00000000e0000000, 0x00000000f5580000, 0x00000000f5580000)
  object space 349696K, 99% used [0x00000000e0000000,0x00000000f557ff78,0x00000000f5580000)
 Metaspace       used 54524K, committed 55488K, reserved 1105920K
  class space    used 5176K, committed 5632K, reserved 1048576K
}
Event: 870.311 GC heap before
{Heap before GC invocations=709 (full 631):
 PSYoungGen      total 87552K, used 54783K [0x00000000f5580000, 0x00000000fd200000, 0x0000000100000000)
  eden space 54784K, 99% used [0x00000000f5580000,0x00000000f8affff8,0x00000000f8b00000)
  from space 32768K, 0% used [0x00000000fb200000,0x00000000fb200000,0x00000000fd200000)
  to   space 17408K, 0% used [0x00000000f8b00000,0x00000000f8b00000,0x00000000f9c00000)
 ParOldGen       total 349696K, used 349695K [0x00000000e0000000, 0x00000000f5580000, 0x00000000f5580000)
  object space 349696K, 99% used [0x00000000e0000000,0x00000000f557ff78,0x00000000f5580000)
 Metaspace       used 54524K, committed 55488K, reserved 1105920K
  class space    used 5176K, committed 5632K, reserved 1048576K
}
Event: 871.144 GC heap after
{Heap after GC invocations=709 (full 631):
 PSYoungGen      total 72192K, used 54783K [0x00000000f5580000, 0x00000000fd200000, 0x0000000100000000)
  eden space 54784K, 99% used [0x00000000f5580000,0x00000000f8affff8,0x00000000f8b00000)
  from space 17408K, 0% used [0x00000000f8b00000,0x00000000f8b00000,0x00000000f9c00000)
  to   space 32768K, 0% used [0x00000000fb200000,0x00000000fb200000,0x00000000fd200000)
 ParOldGen       total 349696K, used 349695K [0x00000000e0000000, 0x00000000f5580000, 0x00000000f5580000)
  object space 349696K, 99% used [0x00000000e0000000,0x00000000f557ff78,0x00000000f5580000)
 Metaspace       used 54524K, committed 55488K, reserved 1105920K
  class space    used 5176K, committed 5632K, reserved 1048576K
}
Event: 871.144 GC heap before
{Heap before GC invocations=710 (full 632):
 PSYoungGen      total 72192K, used 54783K [0x00000000f5580000, 0x00000000fd200000, 0x0000000100000000)
  eden space 54784K, 99% used [0x00000000f5580000,0x00000000f8affff8,0x00000000f8b00000)
  from space 17408K, 0% used [0x00000000f8b00000,0x00000000f8b00000,0x00000000f9c00000)
  to   space 32768K, 0% used [0x00000000fb200000,0x00000000fb200000,0x00000000fd200000)
 ParOldGen       total 349696K, used 349695K [0x00000000e0000000, 0x00000000f5580000, 0x00000000f5580000)
  object space 349696K, 99% used [0x00000000e0000000,0x00000000f557fff8,0x00000000f5580000)
 Metaspace       used 54524K, committed 55488K, reserved 1105920K
  class space    used 5176K, committed 5632K, reserved 1048576K
}
Event: 872.019 GC heap after
{Heap after GC invocations=710 (full 632):
 PSYoungGen      total 87552K, used 54783K [0x00000000f5580000, 0x00000000fd200000, 0x0000000100000000)
  eden space 54784K, 99% used [0x00000000f5580000,0x00000000f8affff8,0x00000000f8b00000)
  from space 32768K, 0% used [0x00000000fb200000,0x00000000fb200000,0x00000000fd200000)
  to   space 17408K, 0% used [0x00000000f8b00000,0x00000000f8b00000,0x00000000f9c00000)
 ParOldGen       total 349696K, used 349694K [0x00000000e0000000, 0x00000000f5580000, 0x00000000f5580000)
  object space 349696K, 99% used [0x00000000e0000000,0x00000000f557f9d8,0x00000000f5580000)
 Metaspace       used 54524K, committed 55488K, reserved 1105920K
  class space    used 5176K, committed 5632K, reserved 1048576K
}
Event: 872.019 GC heap before
{Heap before GC invocations=711 (full 633):
 PSYoungGen      total 87552K, used 54783K [0x00000000f5580000, 0x00000000fd200000, 0x0000000100000000)
  eden space 54784K, 99% used [0x00000000f5580000,0x00000000f8affff8,0x00000000f8b00000)
  from space 32768K, 0% used [0x00000000fb200000,0x00000000fb200000,0x00000000fd200000)
  to   space 17408K, 0% used [0x00000000f8b00000,0x00000000f8b00000,0x00000000f9c00000)
 ParOldGen       total 349696K, used 349695K [0x00000000e0000000, 0x00000000f5580000, 0x00000000f5580000)
  object space 349696K, 99% used [0x00000000e0000000,0x00000000f557fff8,0x00000000f5580000)
 Metaspace       used 54524K, committed 55488K, reserved 1105920K
  class space    used 5176K, committed 5632K, reserved 1048576K
}
Event: 872.938 GC heap after
{Heap after GC invocations=711 (full 633):
 PSYoungGen      total 72192K, used 54783K [0x00000000f5580000, 0x00000000fd200000, 0x0000000100000000)
  eden space 54784K, 99% used [0x00000000f5580000,0x00000000f8affe38,0x00000000f8b00000)
  from space 17408K, 0% used [0x00000000f8b00000,0x00000000f8b00000,0x00000000f9c00000)
  to   space 32768K, 0% used [0x00000000fb200000,0x00000000fb200000,0x00000000fd200000)
 ParOldGen       total 349696K, used 349694K [0x00000000e0000000, 0x00000000f5580000, 0x00000000f5580000)
  object space 349696K, 99% used [0x00000000e0000000,0x00000000f557fa98,0x00000000f5580000)
 Metaspace       used 54524K, committed 55488K, reserved 1105920K
  class space    used 5176K, committed 5632K, reserved 1048576K
}
Event: 872.939 GC heap before
{Heap before GC invocations=712 (full 634):
 PSYoungGen      total 72192K, used 54784K [0x00000000f5580000, 0x00000000fd200000, 0x0000000100000000)
  eden space 54784K, 100% used [0x00000000f5580000,0x00000000f8b00000,0x00000000f8b00000)
  from space 17408K, 0% used [0x00000000f8b00000,0x00000000f8b00000,0x00000000f9c00000)
  to   space 32768K, 0% used [0x00000000fb200000,0x00000000fb200000,0x00000000fd200000)
 ParOldGen       total 349696K, used 349694K [0x00000000e0000000, 0x00000000f5580000, 0x00000000f5580000)
  object space 349696K, 99% used [0x00000000e0000000,0x00000000f557fa98,0x00000000f5580000)
 Metaspace       used 54524K, committed 55488K, reserved 1105920K
  class space    used 5176K, committed 5632K, reserved 1048576K
}
Event: 873.850 GC heap after
{Heap after GC invocations=712 (full 634):
 PSYoungGen      total 87552K, used 54783K [0x00000000f5580000, 0x00000000fd200000, 0x0000000100000000)
  eden space 54784K, 99% used [0x00000000f5580000,0x00000000f8afff50,0x00000000f8b00000)
  from space 32768K, 0% used [0x00000000fb200000,0x00000000fb200000,0x00000000fd200000)
  to   space 17408K, 0% used [0x00000000f8b00000,0x00000000f8b00000,0x00000000f9c00000)
 ParOldGen       total 349696K, used 349694K [0x00000000e0000000, 0x00000000f5580000, 0x00000000f5580000)
  object space 349696K, 99% used [0x00000000e0000000,0x00000000f557fa58,0x00000000f5580000)
 Metaspace       used 54524K, committed 55488K, reserved 1105920K
  class space    used 5176K, committed 5632K, reserved 1048576K
}
Event: 873.850 GC heap before
{Heap before GC invocations=713 (full 635):
 PSYoungGen      total 87552K, used 54784K [0x00000000f5580000, 0x00000000fd200000, 0x0000000100000000)
  eden space 54784K, 100% used [0x00000000f5580000,0x00000000f8b00000,0x00000000f8b00000)
  from space 32768K, 0% used [0x00000000fb200000,0x00000000fb200000,0x00000000fd200000)
  to   space 17408K, 0% used [0x00000000f8b00000,0x00000000f8b00000,0x00000000f9c00000)
 ParOldGen       total 349696K, used 349694K [0x00000000e0000000, 0x00000000f5580000, 0x00000000f5580000)
  object space 349696K, 99% used [0x00000000e0000000,0x00000000f557fa58,0x00000000f5580000)
 Metaspace       used 54524K, committed 55488K, reserved 1105920K
  class space    used 5176K, committed 5632K, reserved 1048576K
}
Event: 874.750 GC heap after
{Heap after GC invocations=713 (full 635):
 PSYoungGen      total 72192K, used 54783K [0x00000000f5580000, 0x00000000fd200000, 0x0000000100000000)
  eden space 54784K, 99% used [0x00000000f5580000,0x00000000f8afff40,0x00000000f8b00000)
  from space 17408K, 0% used [0x00000000f8b00000,0x00000000f8b00000,0x00000000f9c00000)
  to   space 32768K, 0% used [0x00000000fb200000,0x00000000fb200000,0x00000000fd200000)
 ParOldGen       total 349696K, used 349694K [0x00000000e0000000, 0x00000000f5580000, 0x00000000f5580000)
  object space 349696K, 99% used [0x00000000e0000000,0x00000000f557fa58,0x00000000f5580000)
 Metaspace       used 54524K, committed 55488K, reserved 1105920K
  class space    used 5176K, committed 5632K, reserved 1048576K
}
Event: 874.750 GC heap before
{Heap before GC invocations=714 (full 636):
 PSYoungGen      total 72192K, used 54783K [0x00000000f5580000, 0x00000000fd200000, 0x0000000100000000)
  eden space 54784K, 99% used [0x00000000f5580000,0x00000000f8affff0,0x00000000f8b00000)
  from space 17408K, 0% used [0x00000000f8b00000,0x00000000f8b00000,0x00000000f9c00000)
  to   space 32768K, 0% used [0x00000000fb200000,0x00000000fb200000,0x00000000fd200000)
 ParOldGen       total 349696K, used 349694K [0x00000000e0000000, 0x00000000f5580000, 0x00000000f5580000)
  object space 349696K, 99% used [0x00000000e0000000,0x00000000f557fa58,0x00000000f5580000)
 Metaspace       used 54524K, committed 55488K, reserved 1105920K
  class space    used 5176K, committed 5632K, reserved 1048576K
}
Event: 875.624 GC heap after
{Heap after GC invocations=714 (full 636):
 PSYoungGen      total 87552K, used 54783K [0x00000000f5580000, 0x00000000fd200000, 0x0000000100000000)
  eden space 54784K, 99% used [0x00000000f5580000,0x00000000f8affff0,0x00000000f8b00000)
  from space 32768K, 0% used [0x00000000fb200000,0x00000000fb200000,0x00000000fd200000)
  to   space 17408K, 0% used [0x00000000f8b00000,0x00000000f8b00000,0x00000000f9c00000)
 ParOldGen       total 349696K, used 349694K [0x00000000e0000000, 0x00000000f5580000, 0x00000000f5580000)
  object space 349696K, 99% used [0x00000000e0000000,0x00000000f557fa38,0x00000000f5580000)
 Metaspace       used 54524K, committed 55488K, reserved 1105920K
  class space    used 5176K, committed 5632K, reserved 1048576K
}
Event: 875.625 GC heap before
{Heap before GC invocations=715 (full 637):
 PSYoungGen      total 87552K, used 54784K [0x00000000f5580000, 0x00000000fd200000, 0x0000000100000000)
  eden space 54784K, 100% used [0x00000000f5580000,0x00000000f8b00000,0x00000000f8b00000)
  from space 32768K, 0% used [0x00000000fb200000,0x00000000fb200000,0x00000000fd200000)
  to   space 17408K, 0% used [0x00000000f8b00000,0x00000000f8b00000,0x00000000f9c00000)
 ParOldGen       total 349696K, used 349695K [0x00000000e0000000, 0x00000000f5580000, 0x00000000f5580000)
  object space 349696K, 99% used [0x00000000e0000000,0x00000000f557fe28,0x00000000f5580000)
 Metaspace       used 54524K, committed 55488K, reserved 1105920K
  class space    used 5176K, committed 5632K, reserved 1048576K
}
Event: 876.625 GC heap after
{Heap after GC invocations=715 (full 637):
 PSYoungGen      total 72192K, used 54783K [0x00000000f5580000, 0x00000000fd200000, 0x0000000100000000)
  eden space 54784K, 99% used [0x00000000f5580000,0x00000000f8afffc0,0x00000000f8b00000)
  from space 17408K, 0% used [0x00000000f8b00000,0x00000000f8b00000,0x00000000f9c00000)
  to   space 32768K, 0% used [0x00000000fb200000,0x00000000fb200000,0x00000000fd200000)
 ParOldGen       total 349696K, used 349695K [0x00000000e0000000, 0x00000000f5580000, 0x00000000f5580000)
  object space 349696K, 99% used [0x00000000e0000000,0x00000000f557fd60,0x00000000f5580000)
 Metaspace       used 54524K, committed 55488K, reserved 1105920K
  class space    used 5176K, committed 5632K, reserved 1048576K
}
Event: 876.625 GC heap before
{Heap before GC invocations=716 (full 638):
 PSYoungGen      total 72192K, used 54783K [0x00000000f5580000, 0x00000000fd200000, 0x0000000100000000)
  eden space 54784K, 99% used [0x00000000f5580000,0x00000000f8afffc0,0x00000000f8b00000)
  from space 17408K, 0% used [0x00000000f8b00000,0x00000000f8b00000,0x00000000f9c00000)
  to   space 32768K, 0% used [0x00000000fb200000,0x00000000fb200000,0x00000000fd200000)
 ParOldGen       total 349696K, used 349695K [0x00000000e0000000, 0x00000000f5580000, 0x00000000f5580000)
  object space 349696K, 99% used [0x00000000e0000000,0x00000000f557fd60,0x00000000f5580000)
 Metaspace       used 54524K, committed 55488K, reserved 1105920K
  class space    used 5176K, committed 5632K, reserved 1048576K
}
Event: 877.525 GC heap after
{Heap after GC invocations=716 (full 638):
 PSYoungGen      total 87552K, used 54783K [0x00000000f5580000, 0x00000000fd200000, 0x0000000100000000)
  eden space 54784K, 99% used [0x00000000f5580000,0x00000000f8afffc0,0x00000000f8b00000)
  from space 32768K, 0% used [0x00000000fb200000,0x00000000fb200000,0x00000000fd200000)
  to   space 17408K, 0% used [0x00000000f8b00000,0x00000000f8b00000,0x00000000f9c00000)
 ParOldGen       total 349696K, used 349695K [0x00000000e0000000, 0x00000000f5580000, 0x00000000f5580000)
  object space 349696K, 99% used [0x00000000e0000000,0x00000000f557fd60,0x00000000f5580000)
 Metaspace       used 54524K, committed 55488K, reserved 1105920K
  class space    used 5176K, committed 5632K, reserved 1048576K
}

